# JRE version: Java(TM) SE Runtime Environment (8.0_144-b01) (build 1.8.0_144-b01)
# Java VM: Java HotSpot(TM) 64-Bit Server VM (25.144-b01 mixed mode bsd-amd64 compressed oops)
Heap:
 PSYoungGen      total 1231360K, used 1055265K [0x000000076ab00000, 0x00000007bfc00000, 0x00000007c0000000)
  eden space 1095168K, 89% used [0x000000076ab00000,0x00000007a6b932d0,0x00000007ad880000)
  from space 136192K, 52% used [0x00000007ad880000,0x00000007b1e75230,0x00000007b5d80000)
  to   space 135168K, 0% used [0x00000007b7800000,0x00000007b7800000,0x00000007bfc00000)
 ParOldGen       total 675840K, used 331239K [0x00000006c0000000, 0x00000006e9400000, 0x000000076ab00000)
  object space 675840K, 49% used [0x00000006c0000000,0x00000006d4379f68,0x00000006e9400000)
 Metaspace       used 162074K, capacity 169927K, committed 170032K, reserved 1196032K
  class space    used 21137K, capacity 22558K, committed 22576K, reserved 1048576K
GC Heap History (10 events):
Event: 43.233 GC heap before
{Heap before GC invocations=30 (full 5):
 PSYoungGen      total 1230336K, used 82428K [0x000000076ab00000, 0x00000007c0000000, 0x00000007c0000000)
  eden space 1147904K, 0% used [0x000000076ab00000,0x000000076ab00000,0x00000007b0c00000)
  from space 82432K, 99% used [0x00000007b0c00000,0x00000007b5c7f3f0,0x00000007b5c80000)
  to   space 156672K, 0% used [0x00000007b6700000,0x00000007b6700000,0x00000007c0000000)
 ParOldGen       total 331264K, used 330943K [0x00000006c0000000, 0x00000006d4380000, 0x000000076ab00000)
  object space 331264K, 99% used [0x00000006c0000000,0x00000006d432ffa8,0x00000006d4380000)
 Metaspace       used 119387K, capacity 124731K, committed 124848K, reserved 1157120K
  class space    used 15546K, capacity 16530K, committed 16560K, reserved 1048576K
Event: 44.155 GC heap after
Heap after GC invocations=30 (full 5):
 PSYoungGen      total 1230336K, used 69173K [0x000000076ab00000, 0x00000007c0000000, 0x00000007c0000000)
  eden space 1147904K, 0% used [0x000000076ab00000,0x000000076ab00000,0x00000007b0c00000)
  from space 82432K, 83% used [0x00000007b0c00000,0x00000007b4f8d4b8,0x00000007b5c80000)
  to   space 156672K, 0% used [0x00000007b6700000,0x00000007b6700000,0x00000007c0000000)
 ParOldGen       total 675840K, used 331191K [0x00000006c0000000, 0x00000006e9400000, 0x000000076ab00000)
  object space 675840K, 49% used [0x00000006c0000000,0x00000006d436df68,0x00000006e9400000)
 Metaspace       used 119387K, capacity 124731K, committed 124848K, reserved 1157120K
  class space    used 15546K, capacity 16530K, committed 16560K, reserved 1048576K
}
Event: 48.098 GC heap before
{Heap before GC invocations=31 (full 5):
 PSYoungGen      total 1230336K, used 1217077K [0x000000076ab00000, 0x00000007c0000000, 0x00000007c0000000)
  eden space 1147904K, 100% used [0x000000076ab00000,0x00000007b0c00000,0x00000007b0c00000)
  from space 82432K, 83% used [0x00000007b0c00000,0x00000007b4f8d4b8,0x00000007b5c80000)
  to   space 156672K, 0% used [0x00000007b6700000,0x00000007b6700000,0x00000007c0000000)
 ParOldGen       total 675840K, used 331191K [0x00000006c0000000, 0x00000006e9400000, 0x000000076ab00000)
  object space 675840K, 49% used [0x00000006c0000000,0x00000006d436df68,0x00000006e9400000)
 Metaspace       used 128525K, capacity 134295K, committed 134576K, reserved 1165312K
  class space    used 16752K, capacity 17786K, committed 17840K, reserved 1048576K
Event: 48.140 GC heap after
Heap after GC invocations=31 (full 5):
 PSYoungGen      total 1249792K, used 39576K [0x000000076ab00000, 0x00000007c0000000, 0x00000007c0000000)
  eden space 1093120K, 0% used [0x000000076ab00000,0x000000076ab00000,0x00000007ad680000)
  from space 156672K, 25% used [0x00000007b6700000,0x00000007b8da6170,0x00000007c0000000)
  to   space 147968K, 0% used [0x00000007ad680000,0x00000007ad680000,0x00000007b6700000)
 ParOldGen       total 675840K, used 331199K [0x00000006c0000000, 0x00000006e9400000, 0x000000076ab00000)
  object space 675840K, 49% used [0x00000006c0000000,0x00000006d436ff68,0x00000006e9400000)
 Metaspace       used 128525K, capacity 134295K, committed 134576K, reserved 1165312K
  class space    used 16752K, capacity 17786K, committed 17840K, reserved 1048576K
}
Event: 52.069 GC heap before
{Heap before GC invocations=32 (full 5):
 PSYoungGen      total 1249792K, used 1132696K [0x000000076ab00000, 0x00000007c0000000, 0x00000007c0000000)
  eden space 1093120K, 100% used [0x000000076ab00000,0x00000007ad680000,0x00000007ad680000)
  from space 156672K, 25% used [0x00000007b6700000,0x00000007b8da6170,0x00000007c0000000)
  to   space 147968K, 0% used [0x00000007ad680000,0x00000007ad680000,0x00000007b6700000)
 ParOldGen       total 675840K, used 331199K [0x00000006c0000000, 0x00000006e9400000, 0x000000076ab00000)
  object space 675840K, 49% used [0x00000006c0000000,0x00000006d436ff68,0x00000006e9400000)
 Metaspace       used 136492K, capacity 142513K, committed 142640K, reserved 1173504K
  class space    used 17558K, capacity 18651K, committed 18736K, reserved 1048576K
Event: 52.094 GC heap after
Heap after GC invocations=32 (full 5):
 PSYoungGen      total 1143808K, used 50272K [0x000000076ab00000, 0x00000007be480000, 0x00000007c0000000)
  eden space 1093120K, 0% used [0x000000076ab00000,0x000000076ab00000,0x00000007ad680000)
  from space 50688K, 99% used [0x00000007ad680000,0x00000007b07981b0,0x00000007b0800000)
  to   space 138240K, 0% used [0x00000007b5d80000,0x00000007b5d80000,0x00000007be480000)
 ParOldGen       total 675840K, used 331207K [0x00000006c0000000, 0x00000006e9400000, 0x000000076ab00000)
  object space 675840K, 49% used [0x00000006c0000000,0x00000006d4371f68,0x00000006e9400000)
 Metaspace       used 136492K, capacity 142513K, committed 142640K, reserved 1173504K
  class space    used 17558K, capacity 18651K, committed 18736K, reserved 1048576K
}
Event: 64.889 GC heap before
{Heap before GC invocations=33 (full 5):
 PSYoungGen      total 1143808K, used 1143392K [0x000000076ab00000, 0x00000007be480000, 0x00000007c0000000)
  eden space 1093120K, 100% used [0x000000076ab00000,0x00000007ad680000,0x00000007ad680000)
  from space 50688K, 99% used [0x00000007ad680000,0x00000007b07981b0,0x00000007b0800000)
  to   space 138240K, 0% used [0x00000007b5d80000,0x00000007b5d80000,0x00000007be480000)
 ParOldGen       total 675840K, used 331207K [0x00000006c0000000, 0x00000006e9400000, 0x000000076ab00000)
  object space 675840K, 49% used [0x00000006c0000000,0x00000006d4371f68,0x00000006e9400000)
 Metaspace       used 147459K, capacity 154149K, committed 154288K, reserved 1183744K
  class space    used 19070K, capacity 20301K, committed 20400K, reserved 1048576K
Event: 64.928 GC heap after
Heap after GC invocations=33 (full 5):
 PSYoungGen      total 1233408K, used 68427K [0x000000076ab00000, 0x00000007c0000000, 0x00000007c0000000)
  eden space 1095168K, 0% used [0x000000076ab00000,0x000000076ab00000,0x00000007ad880000)
  from space 138240K, 49% used [0x00000007b5d80000,0x00000007ba052c88,0x00000007be480000)
  to   space 136192K, 0% used [0x00000007ad880000,0x00000007ad880000,0x00000007b5d80000)
 ParOldGen       total 675840K, used 331223K [0x00000006c0000000, 0x00000006e9400000, 0x000000076ab00000)
  object space 675840K, 49% used [0x00000006c0000000,0x00000006d4375f68,0x00000006e9400000)
 Metaspace       used 147459K, capacity 154149K, committed 154288K, reserved 1183744K
  class space    used 19070K, capacity 20301K, committed 20400K, reserved 1048576K
}
Event: 70.916 GC heap before
{Heap before GC invocations=34 (full 5):
 PSYoungGen      total 1233408K, used 1163595K [0x000000076ab00000, 0x00000007c0000000, 0x00000007c0000000)
  eden space 1095168K, 100% used [0x000000076ab00000,0x00000007ad880000,0x00000007ad880000)
  from space 138240K, 49% used [0x00000007b5d80000,0x00000007ba052c88,0x00000007be480000)
  to   space 136192K, 0% used [0x00000007ad880000,0x00000007ad880000,0x00000007b5d80000)
 ParOldGen       total 675840K, used 331223K [0x00000006c0000000, 0x00000006e9400000, 0x000000076ab00000)
  object space 675840K, 49% used [0x00000006c0000000,0x00000006d4375f68,0x00000006e9400000)
 Metaspace       used 155547K, capacity 162917K, committed 163120K, reserved 1191936K
  class space    used 20140K, capacity 21499K, committed 21552K, reserved 1048576K
Event: 70.952 GC heap after
Heap after GC invocations=34 (full 5):
 PSYoungGen      total 1231360K, used 71636K [0x000000076ab00000, 0x00000007bfc00000, 0x00000007c0000000)
  eden space 1095168K, 0% used [0x000000076ab00000,0x000000076ab00000,0x00000007ad880000)
  from space 136192K, 52% used [0x00000007ad880000,0x00000007b1e75230,0x00000007b5d80000)
  to   space 135168K, 0% used [0x00000007b7800000,0x00000007b7800000,0x00000007bfc00000)
 ParOldGen       total 675840K, used 331239K [0x00000006c0000000, 0x00000006e9400000, 0x000000076ab00000)
  object space 675840K, 49% used [0x00000006c0000000,0x00000006d4379f68,0x00000006e9400000)
 Metaspace       used 155547K, capacity 162917K, committed 163120K, reserved 1191936K
  class space    used 20140K, capacity 21499K, committed 21552K, reserved 1048576K
}

